{
  "stats": {
    "suites": 1,
    "tests": 1,
    "passes": 1,
    "pending": 0,
    "failures": 0,
    "start": "2023-11-27T05:39:38.110Z",
    "end": "2023-11-27T05:39:38.463Z",
    "duration": 353,
    "testsRegistered": 1,
    "passPercent": 100,
    "pendingPercent": 0,
    "other": 0,
    "hasOther": false,
    "skipped": 0,
    "hasSkipped": false
  },
  "results": [
    {
      "uuid": "7614d616-b930-405c-9c1e-914ad6c65054",
      "title": "",
      "fullFile": "D:\\Exploration\\api-cardless\\tests\\scenario\\POST_loginv2.spec.js",
      "file": "\\tests\\scenario\\POST_loginv2.spec.js",
      "beforeHooks": [],
      "afterHooks": [],
      "tests": [],
      "suites": [
        {
          "uuid": "73aa8d8c-9781-4ac6-b710-326069c1b4ef",
          "title": "TestCase Authentication",
          "fullFile": "D:\\Exploration\\api-cardless\\tests\\scenario\\POST_loginv2.spec.js",
          "file": "\\tests\\scenario\\POST_loginv2.spec.js",
          "beforeHooks": [],
          "afterHooks": [],
          "tests": [
            {
              "title": "TC Successfully Login",
              "fullTitle": "TestCase Authentication TC Successfully Login",
              "timedOut": false,
              "duration": 337,
              "state": "passed",
              "speed": "slow",
              "pass": true,
              "fail": false,
              "pending": false,
              "context": null,
              "code": "const response = await new auth().login(item.payload);\nexpect(response.statusCode).to.be.equal(item.case.status);",
              "err": {},
              "uuid": "c21f6e68-130e-4223-a399-081b5eb1cc52",
              "parentUUID": "73aa8d8c-9781-4ac6-b710-326069c1b4ef",
              "isHook": false,
              "skipped": false
            }
          ],
          "suites": [],
          "passes": [
            "c21f6e68-130e-4223-a399-081b5eb1cc52"
          ],
          "failures": [],
          "pending": [],
          "skipped": [],
          "duration": 337,
          "root": false,
          "rootEmpty": false,
          "_timeout": 5000
        }
      ],
      "passes": [],
      "failures": [],
      "pending": [],
      "skipped": [],
      "duration": 0,
      "root": true,
      "rootEmpty": true,
      "_timeout": 5000
    }
  ],
  "meta": {
    "mocha": {
      "version": "10.2.0"
    },
    "mochawesome": {
      "options": {
        "quiet": false,
        "reportFilename": "mochawesome",
        "saveHtml": true,
        "saveJson": true,
        "consoleReporter": "spec",
        "useInlineDiffs": false,
        "code": true
      },
      "version": "7.1.3"
    },
    "marge": {
      "options": {
        "autoOpen": "true"
      },
      "version": "6.2.0"
    }
  }
}